{
  "stats": {
    "suites": 1,
    "tests": 2,
    "passes": 2,
    "pending": 0,
    "failures": 0,
    "start": "2026-09-20T02:00:36.729Z",
    "end": "2026-09-20T02:00:36.849Z",
    "duration": 120,
    "testsRegistered": 2,
    "passPercent": 100,
    "pendingPercent": 0,
    "other": 0,
    "hasOther": false,
    "skipped": 0,
    "hasSkipped": false
  },
  "results": [
    {
      "uuid": "868d1d9f-1080-4d8d-8180-3e1d2e53e036",
      "title": "",
      "fullFile": "cypress/e2e/dashboard/session.cy.js",
      "file": "cypress/e2e/dashboard/session.cy.js",
      "beforeHooks": [],
      "afterHooks": [],
      "tests": [],
      "suites": [
        {
          "uuid": "f85b52ca-3856-4e19-a135-5c4a546814a0",
          "title": "Cached authentication with cy.session()",
          "fullFile": "",
          "file": "",
          "beforeHooks": [],
          "afterHooks": [],
          "tests": [
            {
              "title": "restores the authenticated dashboard state",
              "fullTitle": "Cached authentication with cy.session() restores the authenticated dashboard state",
              "timedOut": null,
              "duration": 54,
              "state": "passed",
              "speed": "fast",
              "pass": true,
              "fail": false,
              "pending": false,
              "context": null,
              "code": "cy.get('[data-cy=\"dashboard\"]').should('be.visible');\ncy.get('[data-cy=\"welcome-message\"]').should('contain', Cypress.env('testEmail'));",
              "err": {},
              "uuid": "05a5c4b8-3845-43fe-90a6-a6551832cbb9",
              "parentUUID": "f85b52ca-3856-4e19-a135-5c4a546814a0",
              "isHook": false,
              "skipped": false
            },
            {
              "title": "reuses the same cached login for another test",
              "fullTitle": "Cached authentication with cy.session() reuses the same cached login for another test",
              "timedOut": null,
              "duration": 54,
              "state": "passed",
              "speed": "fast",
              "pass": true,
              "fail": false,
              "pending": false,
              "context": null,
              "code": "cy.get('[data-cy=\"product-list\"]').should('be.visible');\ncy.get('[data-cy=\"product-card\"]').should('have.length.at.least', 2);",
              "err": {},
              "uuid": "b5743e8b-020d-42a2-8ca5-defa96f7037b",
              "parentUUID": "f85b52ca-3856-4e19-a135-5c4a546814a0",
              "isHook": false,
              "skipped": false
            }
          ],
          "suites": [],
          "passes": [
            "05a5c4b8-3845-43fe-90a6-a6551832cbb9",
            "b5743e8b-020d-42a2-8ca5-defa96f7037b"
          ],
          "failures": [],
          "pending": [],
          "skipped": [],
          "duration": 108,
          "root": false,
          "rootEmpty": false,
          "_timeout": 2000
        }
      ],
      "passes": [],
      "failures": [],
      "pending": [],
      "skipped": [],
      "duration": 0,
      "root": true,
      "rootEmpty": true,
      "_timeout": 2000
    }
  ],
  "meta": {
    "mocha": {
      "version": "7.2.0"
    },
    "mochawesome": {
      "options": {
        "quiet": true,
        "reportFilename": "mochawesome",
        "saveHtml": false,
        "saveJson": true,
        "consoleReporter": "spec",
        "useInlineDiffs": false,
        "code": true
      },
      "version": "7.1.4"
    },
    "marge": {
      "options": {
        "reportDir": "cypress/reports/json",
        "overwrite": false,
        "html": false,
        "json": true,
        "quiet": true
      },
      "version": "6.3.2"
    }
  }
}