{
  "stats": {
    "suites": 1,
    "tests": 1,
    "passes": 1,
    "pending": 0,
    "failures": 0,
    "start": "2026-09-20T02:00:35.168Z",
    "end": "2026-09-20T02:00:36.156Z",
    "duration": 988,
    "testsRegistered": 1,
    "passPercent": 100,
    "pendingPercent": 0,
    "other": 0,
    "hasOther": false,
    "skipped": 0,
    "hasSkipped": false
  },
  "results": [
    {
      "uuid": "9a4a2783-f6e2-4988-82bf-f6cd1b638e42",
      "title": "",
      "fullFile": "cypress/e2e/dashboard/products.cy.js",
      "file": "cypress/e2e/dashboard/products.cy.js",
      "beforeHooks": [],
      "afterHooks": [],
      "tests": [],
      "suites": [
        {
          "uuid": "ee8500ff-ffac-4eac-81d0-e4f7825c89b7",
          "title": "Product workflow with reusable custom commands",
          "fullFile": "",
          "file": "",
          "beforeHooks": [],
          "afterHooks": [],
          "tests": [
            {
              "title": "adds a product to the cart using cy.addProduct()",
              "fullTitle": "Product workflow with reusable custom commands adds a product to the cart using cy.addProduct()",
              "timedOut": null,
              "duration": 961,
              "state": "passed",
              "speed": "fast",
              "pass": true,
              "fail": false,
              "pending": false,
              "context": null,
              "code": "cy.addProduct('Starter Backpack');\ncy.get('[data-cy=\"cart-items\"]').should('contain', 'Starter Backpack');",
              "err": {},
              "uuid": "3f7dc0ee-a924-48e6-bd67-e3aa41f86266",
              "parentUUID": "ee8500ff-ffac-4eac-81d0-e4f7825c89b7",
              "isHook": false,
              "skipped": false
            }
          ],
          "suites": [],
          "passes": [
            "3f7dc0ee-a924-48e6-bd67-e3aa41f86266"
          ],
          "failures": [],
          "pending": [],
          "skipped": [],
          "duration": 961,
          "root": false,
          "rootEmpty": false,
          "_timeout": 2000
        }
      ],
      "passes": [],
      "failures": [],
      "pending": [],
      "skipped": [],
      "duration": 0,
      "root": true,
      "rootEmpty": true,
      "_timeout": 2000
    }
  ],
  "meta": {
    "mocha": {
      "version": "7.2.0"
    },
    "mochawesome": {
      "options": {
        "quiet": true,
        "reportFilename": "mochawesome",
        "saveHtml": false,
        "saveJson": true,
        "consoleReporter": "spec",
        "useInlineDiffs": false,
        "code": true
      },
      "version": "7.1.4"
    },
    "marge": {
      "options": {
        "reportDir": "cypress/reports/json",
        "overwrite": false,
        "html": false,
        "json": true,
        "quiet": true
      },
      "version": "6.3.2"
    }
  }
}