{
  "stats": {
    "suites": 1,
    "tests": 1,
    "passes": 1,
    "pending": 1,
    "failures": -1,
    "start": "2026-09-20T02:00:29.517Z",
    "end": "2026-09-20T02:00:31.344Z",
    "duration": 1827,
    "testsRegistered": 2,
    "passPercent": 100,
    "pendingPercent": 50,
    "other": 1,
    "hasOther": true,
    "skipped": 0,
    "hasSkipped": false
  },
  "results": [
    {
      "uuid": "52cde265-fac0-4cad-b78f-7ed075ae71a1",
      "title": "",
      "fullFile": "cypress/e2e/dashboard/flaky-fixed.cy.js",
      "file": "cypress/e2e/dashboard/flaky-fixed.cy.js",
      "beforeHooks": [],
      "afterHooks": [],
      "tests": [],
      "suites": [
        {
          "uuid": "8b08358d-51bd-4e4a-bba2-a0d5d271699f",
          "title": "Flaky test scenario and stable fix",
          "fullFile": "",
          "file": "",
          "beforeHooks": [],
          "afterHooks": [],
          "tests": [
            {
              "title": "FLAKY EXAMPLE: relies on an arbitrary fixed wait",
              "fullTitle": "Flaky test scenario and stable fix FLAKY EXAMPLE: relies on an arbitrary fixed wait",
              "timedOut": null,
              "duration": 0,
              "state": "pending",
              "speed": null,
              "pass": false,
              "fail": false,
              "pending": true,
              "context": null,
              "code": "cy.get('[data-cy=\"load-status\"]').click();\ncy.wait(200);\ncy.get('[data-cy=\"async-status\"]').should('contain', 'Inventory ready');",
              "err": {},
              "uuid": "d2f1924d-5e1c-41ce-8e60-500185e0eec1",
              "parentUUID": "8b08358d-51bd-4e4a-bba2-a0d5d271699f",
              "isHook": false,
              "skipped": false
            },
            {
              "title": "FIXED: waits for the UI condition with Cypress automatic retries",
              "fullTitle": "Flaky test scenario and stable fix FIXED: waits for the UI condition with Cypress automatic retries",
              "timedOut": null,
              "duration": 1801,
              "state": "passed",
              "speed": "fast",
              "pass": true,
              "fail": false,
              "pending": false,
              "context": null,
              "code": "cy.get('[data-cy=\"load-status\"]').click();\ncy.get('[data-cy=\"async-status\"]', {\n  timeout: 4000\n}).should('be.visible').and('contain', 'Inventory ready');",
              "err": {},
              "uuid": "a5d34776-3143-4b3c-b14b-e558eef0d0b6",
              "parentUUID": "8b08358d-51bd-4e4a-bba2-a0d5d271699f",
              "isHook": false,
              "skipped": false
            }
          ],
          "suites": [],
          "passes": [
            "a5d34776-3143-4b3c-b14b-e558eef0d0b6"
          ],
          "failures": [],
          "pending": [
            "d2f1924d-5e1c-41ce-8e60-500185e0eec1"
          ],
          "skipped": [],
          "duration": 1801,
          "root": false,
          "rootEmpty": false,
          "_timeout": 2000
        }
      ],
      "passes": [],
      "failures": [],
      "pending": [],
      "skipped": [],
      "duration": 0,
      "root": true,
      "rootEmpty": true,
      "_timeout": 2000
    }
  ],
  "meta": {
    "mocha": {
      "version": "7.2.0"
    },
    "mochawesome": {
      "options": {
        "quiet": true,
        "reportFilename": "mochawesome",
        "saveHtml": false,
        "saveJson": true,
        "consoleReporter": "spec",
        "useInlineDiffs": false,
        "code": true
      },
      "version": "7.1.4"
    },
    "marge": {
      "options": {
        "reportDir": "cypress/reports/json",
        "overwrite": false,
        "html": false,
        "json": true,
        "quiet": true
      },
      "version": "6.3.2"
    }
  }
}