{
  "stats": {
    "suites": 1,
    "tests": 1,
    "passes": 1,
    "pending": 0,
    "failures": 0,
    "start": "2026-09-20T02:00:27.355Z",
    "end": "2026-09-20T02:00:28.266Z",
    "duration": 911,
    "testsRegistered": 1,
    "passPercent": 100,
    "pendingPercent": 0,
    "other": 0,
    "hasOther": false,
    "skipped": 0,
    "hasSkipped": false
  },
  "results": [
    {
      "uuid": "2ac36334-16c6-41ef-b019-1a0bc9557ac3",
      "title": "",
      "fullFile": "cypress/e2e/auth/login.fixture.cy.js",
      "file": "cypress/e2e/auth/login.fixture.cy.js",
      "beforeHooks": [],
      "afterHooks": [],
      "tests": [],
      "suites": [
        {
          "uuid": "1b62c2b9-3e7b-4955-bd87-575a11461600",
          "title": "Authentication - fixture data",
          "fullFile": "",
          "file": "",
          "beforeHooks": [],
          "afterHooks": [],
          "tests": [
            {
              "title": "logs in using data loaded from a fixture",
              "fullTitle": "Authentication - fixture data logs in using data loaded from a fixture",
              "timedOut": null,
              "duration": 880,
              "state": "passed",
              "speed": "fast",
              "pass": true,
              "fail": false,
              "pending": false,
              "context": null,
              "code": "cy.fixture('user').then(user => {\n  cy.login(user.email, user.password);\n  cy.get('[data-cy=\"welcome-message\"]').should('contain', 'Welcome').and('contain', user.email);\n});",
              "err": {},
              "uuid": "7d369f61-84dd-4a53-8f10-cbf3b9c5a656",
              "parentUUID": "1b62c2b9-3e7b-4955-bd87-575a11461600",
              "isHook": false,
              "skipped": false
            }
          ],
          "suites": [],
          "passes": [
            "7d369f61-84dd-4a53-8f10-cbf3b9c5a656"
          ],
          "failures": [],
          "pending": [],
          "skipped": [],
          "duration": 880,
          "root": false,
          "rootEmpty": false,
          "_timeout": 2000
        }
      ],
      "passes": [],
      "failures": [],
      "pending": [],
      "skipped": [],
      "duration": 0,
      "root": true,
      "rootEmpty": true,
      "_timeout": 2000
    }
  ],
  "meta": {
    "mocha": {
      "version": "7.2.0"
    },
    "mochawesome": {
      "options": {
        "quiet": true,
        "reportFilename": "mochawesome",
        "saveHtml": false,
        "saveJson": true,
        "consoleReporter": "spec",
        "useInlineDiffs": false,
        "code": true
      },
      "version": "7.1.4"
    },
    "marge": {
      "options": {
        "reportDir": "cypress/reports/json",
        "overwrite": false,
        "html": false,
        "json": true,
        "quiet": true
      },
      "version": "6.3.2"
    }
  }
}