{
  "stats": {
    "suites": 1,
    "tests": 1,
    "passes": 1,
    "pending": 1,
    "failures": -1,
    "start": "2026-09-24T05:38:44.071Z",
    "end": "2026-09-24T05:38:46.122Z",
    "duration": 2051,
    "testsRegistered": 2,
    "passPercent": 100,
    "pendingPercent": 50,
    "other": 1,
    "hasOther": true,
    "skipped": 0,
    "hasSkipped": false
  },
  "results": [
    {
      "uuid": "df20b5b0-9d69-4f4b-8a34-0244755beb2d",
      "title": "",
      "fullFile": "cypress/e2e/dashboard/flaky-fixed.cy.js",
      "file": "cypress/e2e/dashboard/flaky-fixed.cy.js",
      "beforeHooks": [],
      "afterHooks": [],
      "tests": [],
      "suites": [
        {
          "uuid": "51f98416-1d3a-45ad-b519-18382b926c0d",
          "title": "Flaky test scenario and stable fix",
          "fullFile": "",
          "file": "",
          "beforeHooks": [],
          "afterHooks": [],
          "tests": [
            {
              "title": "FLAKY EXAMPLE: relies on an arbitrary fixed wait",
              "fullTitle": "Flaky test scenario and stable fix FLAKY EXAMPLE: relies on an arbitrary fixed wait",
              "timedOut": null,
              "duration": 0,
              "state": "pending",
              "speed": null,
              "pass": false,
              "fail": false,
              "pending": true,
              "context": null,
              "code": "cy.get('[data-cy=\"load-status\"]').click();\ncy.wait(200);\ncy.get('[data-cy=\"async-status\"]').should('contain', 'Inventory ready');",
              "err": {},
              "uuid": "9ea145e9-9a5e-4496-954d-ad75760e4c3b",
              "parentUUID": "51f98416-1d3a-45ad-b519-18382b926c0d",
              "isHook": false,
              "skipped": false
            },
            {
              "title": "FIXED: waits for the UI condition with Cypress automatic retries",
              "fullTitle": "Flaky test scenario and stable fix FIXED: waits for the UI condition with Cypress automatic retries",
              "timedOut": null,
              "duration": 2023,
              "state": "passed",
              "speed": "fast",
              "pass": true,
              "fail": false,
              "pending": false,
              "context": null,
              "code": "cy.get('[data-cy=\"load-status\"]').click();\ncy.get('[data-cy=\"async-status\"]', {\n  timeout: 4000\n}).should('be.visible').and('contain', 'Inventory ready');",
              "err": {},
              "uuid": "aff0d5a9-6068-4fea-b5aa-a814297b8b0e",
              "parentUUID": "51f98416-1d3a-45ad-b519-18382b926c0d",
              "isHook": false,
              "skipped": false
            }
          ],
          "suites": [],
          "passes": [
            "aff0d5a9-6068-4fea-b5aa-a814297b8b0e"
          ],
          "failures": [],
          "pending": [
            "9ea145e9-9a5e-4496-954d-ad75760e4c3b"
          ],
          "skipped": [],
          "duration": 2023,
          "root": false,
          "rootEmpty": false,
          "_timeout": 2000
        }
      ],
      "passes": [],
      "failures": [],
      "pending": [],
      "skipped": [],
      "duration": 0,
      "root": true,
      "rootEmpty": true,
      "_timeout": 2000
    }
  ],
  "meta": {
    "mocha": {
      "version": "7.2.0"
    },
    "mochawesome": {
      "options": {
        "quiet": true,
        "reportFilename": "mochawesome",
        "saveHtml": false,
        "saveJson": true,
        "consoleReporter": "spec",
        "useInlineDiffs": false,
        "code": true
      },
      "version": "7.1.4"
    },
    "marge": {
      "options": {
        "reportDir": "cypress/reports/json",
        "overwrite": false,
        "html": false,
        "json": true,
        "quiet": true
      },
      "version": "6.3.2"
    }
  }
}